  Lab1_1.cpp
C:\Users\vstas\Documents\GitHub\sp-course-\lab1\Lab1_1\Lab1_1.cpp(33,20): warning C4477: 'printf' : format string '%lx' requires an argument of type 'unsigned long', but variadic argument 1 has type 'LPVOID'
C:\Users\vstas\Documents\GitHub\sp-course-\lab1\Lab1_1\Lab1_1.cpp(33,20): warning C4313: 'printf': '%x' in format string conflicts with argument 1 of type 'LPVOID'
C:\Users\vstas\Documents\GitHub\sp-course-\lab1\Lab1_1\Lab1_1.cpp(34,20): warning C4477: 'printf' : format string '%lx' requires an argument of type 'unsigned long', but variadic argument 1 has type 'LPVOID'
C:\Users\vstas\Documents\GitHub\sp-course-\lab1\Lab1_1\Lab1_1.cpp(34,20): warning C4313: 'printf': '%x' in format string conflicts with argument 1 of type 'LPVOID'
C:\Users\vstas\Documents\GitHub\sp-course-\lab1\Lab1_1\Lab1_1.cpp(35,20): warning C4477: 'printf' : format string '%u' requires an argument of type 'unsigned int', but variadic argument 1 has type 'DWORD_PTR'
C:\Users\vstas\Documents\GitHub\sp-course-\lab1\Lab1_1\Lab1_1.cpp(35,20): message : consider using '%llu' in the format string
C:\Users\vstas\Documents\GitHub\sp-course-\lab1\Lab1_1\Lab1_1.cpp(35,20): message : consider using '%Iu' in the format string
C:\Users\vstas\Documents\GitHub\sp-course-\lab1\Lab1_1\Lab1_1.cpp(35,20): message : consider using '%I64u' in the format string
C:\Users\vstas\Documents\GitHub\sp-course-\lab1\Lab1_1\Lab1_1.cpp(41,20): warning C4477: 'printf' : format string '%u' requires an argument of type 'unsigned int', but variadic argument 1 has type 'SIZE_T'
C:\Users\vstas\Documents\GitHub\sp-course-\lab1\Lab1_1\Lab1_1.cpp(41,20): message : consider using '%llu' in the format string
C:\Users\vstas\Documents\GitHub\sp-course-\lab1\Lab1_1\Lab1_1.cpp(41,20): message : consider using '%Iu' in the format string
C:\Users\vstas\Documents\GitHub\sp-course-\lab1\Lab1_1\Lab1_1.cpp(41,20): message : consider using '%I64u' in the format string
C:\Users\vstas\Documents\GitHub\sp-course-\lab1\Lab1_1\Lab1_1.cpp(42,20): warning C4477: 'printf' : format string '%u' requires an argument of type 'unsigned int', but variadic argument 1 has type 'SIZE_T'
C:\Users\vstas\Documents\GitHub\sp-course-\lab1\Lab1_1\Lab1_1.cpp(42,20): message : consider using '%llu' in the format string
C:\Users\vstas\Documents\GitHub\sp-course-\lab1\Lab1_1\Lab1_1.cpp(42,20): message : consider using '%Iu' in the format string
C:\Users\vstas\Documents\GitHub\sp-course-\lab1\Lab1_1\Lab1_1.cpp(42,20): message : consider using '%I64u' in the format string
C:\Users\vstas\Documents\GitHub\sp-course-\lab1\Lab1_1\Lab1_1.cpp(43,20): warning C4477: 'printf' : format string '%u' requires an argument of type 'unsigned int', but variadic argument 1 has type 'SIZE_T'
C:\Users\vstas\Documents\GitHub\sp-course-\lab1\Lab1_1\Lab1_1.cpp(43,20): message : consider using '%llu' in the format string
C:\Users\vstas\Documents\GitHub\sp-course-\lab1\Lab1_1\Lab1_1.cpp(43,20): message : consider using '%Iu' in the format string
C:\Users\vstas\Documents\GitHub\sp-course-\lab1\Lab1_1\Lab1_1.cpp(43,20): message : consider using '%I64u' in the format string
C:\Users\vstas\Documents\GitHub\sp-course-\lab1\Lab1_1\Lab1_1.cpp(44,20): warning C4477: 'printf' : format string '%u' requires an argument of type 'unsigned int', but variadic argument 1 has type 'SIZE_T'
C:\Users\vstas\Documents\GitHub\sp-course-\lab1\Lab1_1\Lab1_1.cpp(44,20): message : consider using '%llu' in the format string
C:\Users\vstas\Documents\GitHub\sp-course-\lab1\Lab1_1\Lab1_1.cpp(44,20): message : consider using '%Iu' in the format string
C:\Users\vstas\Documents\GitHub\sp-course-\lab1\Lab1_1\Lab1_1.cpp(44,20): message : consider using '%I64u' in the format string
  Lab1.vcxproj -> C:\Users\vstas\Documents\GitHub\sp-course-\lab1\x64\Debug\Lab1_1.exe
